<?xml version="1.0" encoding="UTF-8" ?>
<testsuite errors="0" failures="0" hostname="DBXVGJN1" name="com.tripplanner.domain.AirlineControllerTests" tests="1" time="0.553" timestamp="2011-10-27T16:02:10">
  <properties />
  <testcase classname="com.tripplanner.domain.AirlineControllerTests" name="testSomething" time="0.54" />
  <system-out><![CDATA[--Output from testSomething--
]]></system-out>
  <system-err><![CDATA[--Output from testSomething--
]]></system-err>
</testsuite>
